2023-11-13 23:04:29,512 - INFO - ETHUSDT price doesnt changed enough! Current price: 2059.6
2023-11-13 23:04:52,839 - INFO - ETHUSDT price doesnt changed enough! Current price: 2060.4
2023-11-13 23:05:16,195 - INFO - ETHUSDT price doesnt changed enough! Current price: 2060.5
2023-11-13 23:05:39,555 - INFO - ETHUSDT price doesnt changed enough! Current price: 2060.7
2023-11-13 23:06:02,973 - INFO - ETHUSDT price doesnt changed enough! Current price: 2060.6
2023-11-13 23:06:26,989 - INFO - ETHUSDT price doesnt changed enough! Current price: 2061.1
2023-11-13 23:06:52,042 - INFO - ETHUSDT price doesnt changed enough! Current price: 2060.5
2023-11-13 23:07:15,430 - INFO - ETHUSDT price doesnt changed enough! Current price: 2060.6
2023-11-13 23:07:38,801 - INFO - ETHUSDT price doesnt changed enough! Current price: 2061.4
2023-11-13 23:08:02,157 - INFO - ETHUSDT price doesnt changed enough! Current price: 2061.6
2023-11-13 23:08:25,492 - INFO - ETHUSDT price doesnt changed enough! Current price: 2060.9
2023-11-13 23:08:49,875 - INFO - ETHUSDT price doesnt changed enough! Current price: 2060.4
2023-11-13 23:09:13,241 - INFO - ETHUSDT price doesnt changed enough! Current price: 2060.5
2023-11-13 23:09:36,593 - INFO - ETHUSDT price doesnt changed enough! Current price: 2060.3
2023-11-13 23:09:59,939 - INFO - ETHUSDT price doesnt changed enough! Current price: 2059.6
2023-11-13 23:10:23,324 - INFO - ETHUSDT price doesnt changed enough! Current price: 2059.5
2023-11-13 23:10:46,703 - INFO - ETHUSDT price doesnt changed enough! Current price: 2059.5
2023-11-13 23:11:10,080 - INFO - ETHUSDT price doesnt changed enough! Current price: 2059.7
2023-11-13 23:11:33,922 - INFO - ETHUSDT price doesnt changed enough! Current price: 2059.3
2023-11-13 23:11:57,757 - INFO - ETHUSDT price doesnt changed enough! Current price: 2059.6
2023-11-13 23:12:21,142 - INFO - ETHUSDT price doesnt changed enough! Current price: 2059.7
2023-11-13 23:12:44,504 - INFO - ETHUSDT price doesnt changed enough! Current price: 2058.4
2023-11-13 23:13:07,859 - INFO - ETHUSDT price doesnt changed enough! Current price: 2058.2
2023-11-13 23:13:31,877 - INFO - ETHUSDT price doesnt changed enough! Current price: 2058.5
2023-11-13 23:13:55,225 - INFO - ETHUSDT price doesnt changed enough! Current price: 2057.5
2023-11-13 23:14:18,586 - INFO - ETHUSDT price doesnt changed enough! Current price: 2057.4
2023-11-13 23:14:41,960 - INFO - ETHUSDT price doesnt changed enough! Current price: 2057.4
2023-11-13 23:15:05,295 - INFO - ETHUSDT price doesnt changed enough! Current price: 2057.7
2023-11-13 23:15:29,174 - INFO - ETHUSDT price doesnt changed enough! Current price: 2057.4
2023-11-13 23:15:52,599 - INFO - ETHUSDT price doesnt changed enough! Current price: 2057.5
2023-11-13 23:16:15,885 - INFO - ETHUSDT price doesnt changed enough! Current price: 2057.7
2023-11-13 23:17:27,772 - INFO - ETHUSDT price doesnt changed enough! Current price: 2058.7
2023-11-13 23:18:11,076 - INFO - ETHUSDT price doesnt changed enough! Current price: 2059.7
2023-11-13 23:18:54,395 - INFO - ETHUSDT price doesnt changed enough! Current price: 2059.6
2023-11-13 23:19:37,731 - INFO - ETHUSDT price doesnt changed enough! Current price: 2059.6
2023-11-13 23:20:21,215 - INFO - ETHUSDT price doesnt changed enough! Current price: 2059.7
2023-11-13 23:21:05,143 - INFO - ETHUSDT price doesnt changed enough! Current price: 2059.4
2023-11-13 23:21:48,474 - INFO - ETHUSDT price doesnt changed enough! Current price: 2059.6
2023-11-13 23:22:32,314 - INFO - ETHUSDT price doesnt changed enough! Current price: 2060.5
2023-11-13 23:23:15,690 - INFO - ETHUSDT price doesnt changed enough! Current price: 2060.4
2023-11-13 23:23:58,996 - INFO - ETHUSDT price doesnt changed enough! Current price: 2061.1
2023-11-13 23:24:42,337 - INFO - ETHUSDT price doesnt changed enough! Current price: 2061.3
2023-11-13 23:25:25,651 - INFO - ETHUSDT price doesnt changed enough! Current price: 2060.8
2023-11-13 23:26:08,947 - INFO - ETHUSDT price doesnt changed enough! Current price: 2060.8
2023-11-13 23:26:52,275 - INFO - ETHUSDT price doesnt changed enough! Current price: 2061.0
2023-11-13 23:27:35,583 - INFO - ETHUSDT price doesnt changed enough! Current price: 2061.4
2023-11-13 23:28:18,906 - INFO - ETHUSDT price doesnt changed enough! Current price: 2060.6
2023-11-13 23:29:02,315 - INFO - ETHUSDT price doesnt changed enough! Current price: 2060.4
2023-11-13 23:29:45,628 - INFO - ETHUSDT price doesnt changed enough! Current price: 2059.6
2023-11-13 23:30:29,033 - INFO - ETHUSDT price doesnt changed enough! Current price: 2059.5
2023-11-13 23:31:12,528 - INFO - ETHUSDT price doesnt changed enough! Current price: 2060.1
2023-11-13 23:31:56,359 - INFO - ETHUSDT price doesnt changed enough! Current price: 2060.3
2023-11-13 23:32:39,709 - INFO - ETHUSDT price doesnt changed enough! Current price: 2059.9
2023-11-13 23:33:23,101 - INFO - ETHUSDT price doesnt changed enough! Current price: 2060.2
2023-11-13 23:34:06,443 - INFO - ETHUSDT price doesnt changed enough! Current price: 2060.7
2023-11-13 23:34:49,745 - INFO - ETHUSDT price doesnt changed enough! Current price: 2060.2
2023-11-13 23:35:33,494 - INFO - ETHUSDT price doesnt changed enough! Current price: 2060.1
2023-11-13 23:36:16,798 - INFO - ETHUSDT price doesnt changed enough! Current price: 2059.6
2023-11-13 23:37:00,619 - INFO - ETHUSDT price doesnt changed enough! Current price: 2059.9
2023-11-13 23:37:43,959 - INFO - ETHUSDT price doesnt changed enough! Current price: 2060.2
2023-11-13 23:38:27,328 - INFO - ETHUSDT price doesnt changed enough! Current price: 2060.5
2023-11-13 23:39:10,608 - INFO - ETHUSDT price doesnt changed enough! Current price: 2060.1
2023-11-13 23:39:53,852 - INFO - ETHUSDT price doesnt changed enough! Current price: 2060.7
2023-11-13 23:40:37,117 - INFO - ETHUSDT price doesnt changed enough! Current price: 2060.4
2023-11-13 23:41:20,449 - INFO - ETHUSDT price doesnt changed enough! Current price: 2060.6
2023-11-13 23:42:04,246 - INFO - ETHUSDT price doesnt changed enough! Current price: 2062.0
2023-11-13 23:42:47,519 - INFO - ETHUSDT price doesnt changed enough! Current price: 2062.6
2023-11-13 23:43:31,235 - INFO - ETHUSDT price doesnt changed enough! Current price: 2062.5
2023-11-13 23:44:14,523 - INFO - ETHUSDT price doesnt changed enough! Current price: 2062.4
2023-11-13 23:44:57,859 - INFO - ETHUSDT goes up for more than 1$
 Buying ETHUSDT for 2060.9$
2023-11-14 01:18:16,282 - INFO - Start creating a new auth key on DC2
2023-11-14 01:18:16,282 - INFO - Connecting...
2023-11-14 01:18:16,363 - INFO - Connected! Production DC2 - IPv4
2023-11-14 01:18:17,600 - INFO - Done auth key exchange: DhGenOk
2023-11-14 01:18:17,601 - INFO - Disconnected
2023-11-14 01:18:17,615 - INFO - Connecting...
2023-11-14 01:18:17,693 - INFO - Connected! Production DC2 - IPv4
2023-11-14 01:18:17,697 - INFO - NetworkTask started
2023-11-14 01:18:18,097 - INFO - Session initialized: Layer 158
2023-11-14 01:18:18,097 - INFO - Device: CPython 3.11.4 - 5811589868:AAElvx1nnMo5vaPWY-J2tYQ2YGL5TSv158A
2023-11-14 01:18:18,097 - INFO - System: Windows 10 (en)
2023-11-14 01:18:18,097 - INFO - Session started
2023-11-14 01:18:18,098 - INFO - PingTask started
2023-11-14 01:21:20,252 - INFO - Started 16 HandlerTasks
2023-11-14 01:21:20,262 - INFO - Stopped 16 HandlerTasks
2023-11-14 01:21:20,262 - INFO - PingTask stopped
2023-11-14 01:21:20,262 - INFO - Disconnected
2023-11-14 01:21:20,262 - INFO - NetworkTask stopped
2023-11-14 01:21:20,262 - INFO - Session stopped
2023-11-14 01:21:20,286 - INFO - Connecting...
2023-11-14 01:21:20,362 - INFO - Connected! Production DC2 - IPv4
2023-11-14 01:21:20,363 - INFO - NetworkTask started
2023-11-14 01:21:20,714 - INFO - Session initialized: Layer 158
2023-11-14 01:21:20,714 - INFO - Device: CPython 3.11.4 - 5811589868:AAElvx1nnMo5vaPWY-J2tYQ2YGL5TSv158A
2023-11-14 01:21:20,714 - INFO - System: Windows 10 (en)
2023-11-14 01:21:20,714 - INFO - Session started
2023-11-14 01:21:20,716 - INFO - PingTask started
2023-11-14 01:21:20,908 - INFO - Started 16 HandlerTasks
2023-11-14 01:22:13,847 - INFO - ETHUSDT price doesnt changed enough! Current price: 2056.3
2023-11-14 01:22:57,146 - INFO - ETHUSDT price doesnt changed enough! Current price: 2056.5
2023-11-14 01:23:40,376 - INFO - ETHUSDT price doesnt changed enough! Current price: 2056.0
2023-11-14 01:24:24,805 - INFO - ETHUSDT price doesnt changed enough! Current price: 2055.6
2023-11-14 01:25:08,070 - INFO - ETHUSDT price doesnt changed enough! Current price: 2055.2
2023-11-14 01:25:51,372 - INFO - ETHUSDT price doesnt changed enough! Current price: 2055.9
2023-11-14 01:26:34,684 - INFO - ETHUSDT price doesnt changed enough! Current price: 2056.8
2023-11-14 01:27:17,899 - INFO - ETHUSDT price doesnt changed enough! Current price: 2057.1
2023-11-14 01:28:01,155 - INFO - ETHUSDT price doesnt changed enough! Current price: 2056.7
2023-11-14 01:28:44,395 - INFO - ETHUSDT price doesnt changed enough! Current price: 2055.7
2023-11-14 01:29:27,726 - INFO - ETHUSDT price doesnt changed enough! Current price: 2055.3
2023-11-14 01:30:10,995 - INFO - ETHUSDT price doesnt changed enough! Current price: 2054.8
2023-11-14 01:30:54,290 - INFO - ETHUSDT price doesnt changed enough! Current price: 2054.5
2023-11-14 01:31:37,569 - INFO - ETHUSDT goes up for more than 1$
 Buying ETHUSDT for 2052.2$
2023-11-14 01:31:38,992 - INFO - Discarding packet: The msg_id belongs to over 300 seconds in the past. Most likely the client time has to be synchronized.
2023-11-14 01:31:38,993 - INFO - Discarding packet: The msg_id belongs to over 300 seconds in the past. Most likely the client time has to be synchronized.
2023-11-14 01:31:38,993 - INFO - Send exception: ConnectionResetError Connection lost
2023-11-14 01:31:38,993 - INFO - [1] Retrying "updates.GetState" due to: Connection lost
2023-11-14 01:31:38,993 - INFO - Discarding packet: The msg_id belongs to over 300 seconds in the past. Most likely the client time has to be synchronized.
2023-11-14 01:31:38,993 - INFO - Discarding packet: The msg_id belongs to over 300 seconds in the past. Most likely the client time has to be synchronized.
2023-11-14 01:31:38,993 - INFO - Disconnected
2023-11-14 01:31:38,993 - INFO - Disconnected
2023-11-14 01:31:38,993 - INFO - Discarding packet: The msg_id belongs to over 300 seconds in the past. Most likely the client time has to be synchronized.
2023-11-14 01:31:38,994 - INFO - Disconnected
2023-11-14 01:31:38,994 - INFO - Disconnected
2023-11-14 01:31:38,994 - INFO - Disconnected
2023-11-14 01:31:38,994 - INFO - NetworkTask stopped
2023-11-14 01:31:38,996 - INFO - Discarding packet: The msg_id belongs to over 300 seconds in the past. Most likely the client time has to be synchronized.
2023-11-14 01:31:38,996 - INFO - Discarding packet: The msg_id belongs to over 300 seconds in the past. Most likely the client time has to be synchronized.
2023-11-14 01:31:38,996 - INFO - PingTask stopped
2023-11-14 01:31:38,996 - INFO - Discarding packet: The msg_id belongs to over 300 seconds in the past. Most likely the client time has to be synchronized.
2023-11-14 01:31:38,996 - INFO - Discarding packet: The msg_id belongs to over 300 seconds in the past. Most likely the client time has to be synchronized.
2023-11-14 01:31:38,996 - INFO - Disconnected
2023-11-14 01:31:38,996 - INFO - Disconnected
2023-11-14 01:31:38,996 - INFO - Disconnected
2023-11-14 01:31:38,996 - INFO - Disconnected
2023-11-14 01:31:38,996 - INFO - Session stopped
2023-11-14 01:31:38,996 - INFO - Connecting...
2023-11-14 01:31:38,996 - INFO - Disconnected
2023-11-14 01:31:39,075 - INFO - Connected! Production DC2 - IPv4
2023-11-14 01:31:39,075 - INFO - NetworkTask started
2023-11-14 01:31:39,281 - INFO - Discarding packet: The msg_id belongs to over 300 seconds in the past. Most likely the client time has to be synchronized.
2023-11-14 01:31:39,295 - INFO - Disconnected
2023-11-14 01:31:39,296 - INFO - NetworkTask stopped
2023-11-14 01:31:39,302 - INFO - Send exception: ConnectionResetError Connection lost
2023-11-14 01:31:39,303 - INFO - Send exception: ConnectionResetError Connection lost
2023-11-14 01:31:39,304 - INFO - Send exception: ConnectionResetError Connection lost
2023-11-14 01:31:39,304 - INFO - Send exception: ConnectionResetError Connection lost
2023-11-14 01:31:39,304 - WARNING - socket.send() raised exception.
2023-11-14 01:31:39,304 - INFO - Send exception: ConnectionResetError Connection lost
2023-11-14 01:31:39,304 - WARNING - socket.send() raised exception.
2023-11-14 01:31:39,304 - INFO - Send exception: ConnectionResetError Connection lost
2023-11-14 01:31:39,304 - WARNING - socket.send() raised exception.
2023-11-14 01:31:39,304 - INFO - Send exception: ConnectionResetError Connection lost
2023-11-14 01:31:39,304 - WARNING - socket.send() raised exception.
2023-11-14 01:31:39,304 - INFO - Send exception: ConnectionResetError Connection lost
2023-11-14 01:31:39,304 - WARNING - socket.send() raised exception.
2023-11-14 01:31:39,304 - INFO - Send exception: ConnectionResetError Connection lost
2023-11-14 01:31:39,304 - WARNING - socket.send() raised exception.
2023-11-14 01:31:39,304 - INFO - Send exception: ConnectionResetError Connection lost
2023-11-14 01:31:39,304 - WARNING - socket.send() raised exception.
2023-11-14 01:31:39,304 - INFO - Send exception: ConnectionResetError Connection lost
2023-11-14 01:31:39,304 - WARNING - socket.send() raised exception.
2023-11-14 01:31:39,304 - INFO - Send exception: ConnectionResetError Connection lost
2023-11-14 01:31:41,086 - INFO - Disconnected
2023-11-14 01:31:41,087 - INFO - Session stopped
2023-11-14 01:31:41,087 - INFO - Connecting...
2023-11-14 01:31:41,168 - INFO - Connected! Production DC2 - IPv4
2023-11-14 01:31:41,170 - INFO - NetworkTask started
2023-11-14 01:31:41,384 - INFO - {
    "_": "types.UpdatesTooLong"
}
2023-11-14 01:31:41,582 - INFO - Session initialized: Layer 158
2023-11-14 01:31:41,582 - INFO - Device: CPython 3.11.4 - 5811589868:AAElvx1nnMo5vaPWY-J2tYQ2YGL5TSv158A
2023-11-14 01:31:41,582 - INFO - System: Windows 10 (en)
2023-11-14 01:31:41,582 - INFO - Session started
2023-11-14 01:31:41,582 - INFO - PingTask started
2023-11-14 01:31:54,003 - INFO - [1] Retrying "messages.SendMessage" due to: Request timed out
2023-11-14 01:32:51,539 - WARNING - Losing money
2023-11-14 01:32:51,540 - WARNING - Losing money
2023-11-14 01:32:51,540 - WARNING - Losing money
2023-11-14 01:32:55,202 - WARNING - Losing money
2023-11-14 01:32:55,202 - WARNING - Losing money
2023-11-14 01:32:55,202 - WARNING - Losing money
2023-11-14 01:32:59,336 - WARNING - Losing money
2023-11-14 01:32:59,337 - WARNING - Losing money
2023-11-14 01:32:59,337 - WARNING - Losing money
2023-11-14 01:33:10,254 - WARNING - Losing money
2023-11-14 01:33:10,254 - WARNING - Losing money
2023-11-14 01:33:10,255 - WARNING - Losing money
2023-11-14 01:33:14,382 - WARNING - Losing money
2023-11-14 01:33:14,383 - WARNING - Losing money
2023-11-14 01:33:14,383 - WARNING - Losing money
2023-11-14 01:39:01,056 - WARNING - Losing money
2023-11-14 01:39:01,057 - WARNING - Losing money
2023-11-14 01:39:01,057 - WARNING - Losing money
2023-11-14 01:39:04,716 - WARNING - Losing money
2023-11-14 01:39:04,716 - WARNING - Losing money
2023-11-14 01:39:04,716 - WARNING - Losing money
2023-11-14 01:39:08,361 - WARNING - Losing money
2023-11-14 01:39:08,361 - WARNING - Losing money
2023-11-14 01:39:08,362 - WARNING - Losing money
2023-11-14 01:39:19,332 - WARNING - Losing money
2023-11-14 01:39:19,332 - WARNING - Losing money
2023-11-14 01:39:19,333 - WARNING - Losing money
2023-11-14 01:39:22,958 - WARNING - Losing money
2023-11-14 01:39:22,959 - WARNING - Losing money
2023-11-14 01:39:22,959 - WARNING - Losing money
2023-11-14 01:39:26,596 - WARNING - Losing money
2023-11-14 01:39:26,596 - WARNING - Losing money
2023-11-14 01:39:26,597 - WARNING - Losing money
2023-11-14 01:39:31,405 - WARNING - Losing money
2023-11-14 01:39:31,405 - WARNING - Losing money
2023-11-14 01:39:31,405 - WARNING - Losing money
2023-11-14 01:39:35,047 - WARNING - Losing money
2023-11-14 01:39:35,047 - WARNING - Losing money
2023-11-14 01:39:35,047 - WARNING - Losing money
2023-11-14 01:39:38,682 - WARNING - Losing money
2023-11-14 01:39:38,683 - WARNING - Losing money
2023-11-14 01:39:38,683 - WARNING - Losing money
2023-11-14 01:39:42,318 - WARNING - Losing money
2023-11-14 01:39:42,318 - WARNING - Losing money
2023-11-14 01:39:42,319 - WARNING - Losing money
2023-11-14 01:39:45,969 - WARNING - Losing money
2023-11-14 01:39:45,970 - WARNING - Losing money
2023-11-14 01:39:45,970 - WARNING - Losing money
2023-11-14 01:39:49,606 - WARNING - Losing money
2023-11-14 01:39:49,606 - WARNING - Losing money
2023-11-14 01:39:49,607 - WARNING - Losing money
2023-11-14 01:39:53,246 - WARNING - Losing money
2023-11-14 01:39:53,247 - WARNING - Losing money
2023-11-14 01:39:53,247 - WARNING - Losing money
2023-11-14 01:39:56,890 - WARNING - Losing money
2023-11-14 01:39:56,890 - WARNING - Losing money
2023-11-14 01:39:56,891 - WARNING - Losing money
2023-11-14 01:40:00,552 - WARNING - Losing money
2023-11-14 01:40:00,553 - WARNING - Losing money
2023-11-14 01:40:00,553 - WARNING - Losing money
2023-11-14 01:40:04,693 - WARNING - Losing money
2023-11-14 01:40:04,694 - WARNING - Losing money
2023-11-14 01:40:04,694 - WARNING - Losing money
2023-11-14 01:40:08,336 - WARNING - Losing money
2023-11-14 01:40:08,336 - WARNING - Losing money
2023-11-14 01:40:08,336 - WARNING - Losing money
2023-11-14 01:40:11,979 - WARNING - Losing money
2023-11-14 01:40:11,979 - WARNING - Losing money
2023-11-14 01:40:11,980 - WARNING - Losing money
2023-11-14 01:40:15,620 - WARNING - Losing money
2023-11-14 01:40:15,620 - WARNING - Losing money
2023-11-14 01:40:15,620 - WARNING - Losing money
2023-11-14 01:40:19,269 - WARNING - Losing money
2023-11-14 01:40:19,269 - WARNING - Losing money
2023-11-14 01:40:19,269 - WARNING - Losing money
2023-11-14 01:40:22,957 - WARNING - Losing money
2023-11-14 01:40:22,957 - WARNING - Losing money
2023-11-14 01:40:22,958 - WARNING - Losing money
2023-11-14 01:40:26,606 - WARNING - Losing money
2023-11-14 01:40:26,606 - WARNING - Losing money
2023-11-14 01:40:26,607 - WARNING - Losing money
2023-11-14 01:40:30,252 - WARNING - Losing money
2023-11-14 01:40:30,253 - WARNING - Losing money
2023-11-14 01:40:30,253 - WARNING - Losing money
2023-11-14 01:40:33,888 - WARNING - Losing money
2023-11-14 01:40:33,888 - WARNING - Losing money
2023-11-14 01:40:33,889 - WARNING - Losing money
2023-11-14 01:40:37,540 - WARNING - Losing money
2023-11-14 01:40:37,540 - WARNING - Losing money
2023-11-14 01:40:37,541 - WARNING - Losing money
2023-11-14 01:40:41,183 - WARNING - Losing money
2023-11-14 01:40:41,184 - WARNING - Losing money
2023-11-14 01:40:41,184 - WARNING - Losing money
2023-11-14 01:40:44,834 - WARNING - Losing money
2023-11-14 01:40:44,834 - WARNING - Losing money
2023-11-14 01:40:44,835 - WARNING - Losing money
2023-11-14 01:40:48,475 - WARNING - Losing money
2023-11-14 01:40:48,475 - WARNING - Losing money
2023-11-14 01:40:48,475 - WARNING - Losing money
2023-11-14 01:40:52,110 - WARNING - Losing money
2023-11-14 01:40:52,110 - WARNING - Losing money
2023-11-14 01:40:52,111 - WARNING - Losing money
2023-11-14 01:40:55,825 - WARNING - Losing money
2023-11-14 01:40:55,825 - WARNING - Losing money
2023-11-14 01:40:55,825 - WARNING - Losing money
2023-11-14 01:40:59,989 - WARNING - Losing money
2023-11-14 01:40:59,990 - WARNING - Losing money
2023-11-14 01:40:59,990 - WARNING - Losing money
2023-11-14 01:41:04,120 - WARNING - Losing money
2023-11-14 01:41:04,121 - WARNING - Losing money
2023-11-14 01:41:04,121 - WARNING - Losing money
2023-11-14 01:41:07,770 - WARNING - Losing money
2023-11-14 01:41:07,770 - WARNING - Losing money
2023-11-14 01:41:07,771 - WARNING - Losing money
2023-11-14 01:41:11,394 - WARNING - Losing money
2023-11-14 01:41:11,394 - WARNING - Losing money
2023-11-14 01:41:11,394 - WARNING - Losing money
2023-11-14 01:41:19,185 - WARNING - Losing money
2023-11-14 01:41:19,186 - WARNING - Losing money
2023-11-14 01:41:19,186 - WARNING - Losing money
2023-11-14 01:41:22,848 - WARNING - Losing money
2023-11-14 01:41:22,849 - WARNING - Losing money
2023-11-14 01:41:22,849 - WARNING - Losing money
2023-11-14 01:41:26,495 - WARNING - Losing money
2023-11-14 01:41:26,495 - WARNING - Losing money
2023-11-14 01:41:26,495 - WARNING - Losing money
2023-11-14 01:45:27,466 - WARNING - Losing money
2023-11-14 01:45:27,466 - WARNING - Losing money
2023-11-14 01:45:27,467 - WARNING - Losing money
2023-11-14 01:45:31,129 - WARNING - Losing money
2023-11-14 01:45:31,129 - WARNING - Losing money
2023-11-14 01:45:31,130 - WARNING - Losing money
2023-11-14 01:45:34,767 - WARNING - Losing money
2023-11-14 01:45:34,768 - WARNING - Losing money
2023-11-14 01:45:34,768 - WARNING - Losing money
2023-11-14 01:47:47,634 - INFO - Current profit is: 1.6799999999998363
Current checkpoint is: 1.5
2023-11-14 01:47:51,321 - INFO - Current profit is: 1.8299999999999272
Current checkpoint is: 1.8
2023-11-14 01:47:51,322 - INFO - Position closed!
Position data
Symbol: ETHUSDT
Entry Price: 2052.2
Close Price: 2050.4
Profit: 1.8
2023-11-14 01:47:51,326 - INFO - NetworkTask stopped
2023-11-14 01:47:51,328 - INFO - Discarding packet: The msg_id belongs to over 300 seconds in the past. Most likely the client time has to be synchronized.
2023-11-14 01:47:51,329 - INFO - PingTask stopped
2023-11-14 01:47:51,329 - INFO - Discarding packet: The msg_id belongs to over 300 seconds in the past. Most likely the client time has to be synchronized.
2023-11-14 01:47:51,329 - INFO - Discarding packet: The msg_id belongs to over 300 seconds in the past. Most likely the client time has to be synchronized.
2023-11-14 01:47:51,329 - INFO - Discarding packet: The msg_id belongs to over 300 seconds in the past. Most likely the client time has to be synchronized.
2023-11-14 01:47:51,330 - INFO - Discarding packet: The msg_id belongs to over 300 seconds in the past. Most likely the client time has to be synchronized.
2023-11-14 01:47:51,330 - INFO - Discarding packet: The msg_id belongs to over 300 seconds in the past. Most likely the client time has to be synchronized.
2023-11-14 01:47:51,330 - INFO - Disconnected
2023-11-14 01:47:51,330 - INFO - Disconnected
2023-11-14 01:47:51,330 - INFO - Disconnected
2023-11-14 01:47:51,330 - INFO - Disconnected
2023-11-14 01:47:51,330 - INFO - Disconnected
2023-11-14 01:47:51,330 - INFO - Session stopped
2023-11-14 01:47:51,330 - INFO - Connecting...
2023-11-14 01:47:51,330 - INFO - Disconnected
2023-11-14 01:47:51,330 - INFO - Disconnected
2023-11-14 01:47:51,411 - INFO - Connected! Production DC2 - IPv4
2023-11-14 01:47:51,411 - INFO - NetworkTask started
2023-11-14 01:47:51,830 - INFO - Session initialized: Layer 158
2023-11-14 01:47:51,830 - INFO - Device: CPython 3.11.4 - 5811589868:AAElvx1nnMo5vaPWY-J2tYQ2YGL5TSv158A
2023-11-14 01:47:51,830 - INFO - System: Windows 10 (en)
2023-11-14 01:47:51,830 - INFO - Session started
2023-11-14 01:47:51,830 - INFO - PingTask started
2023-11-14 01:48:06,335 - INFO - [1] Retrying "updates.GetState" due to: Request timed out
2023-11-14 01:48:06,335 - INFO - [1] Retrying "messages.SendMessage" due to: Request timed out
2023-11-14 01:49:00,344 - INFO - ETHUSDT goes up for more than 1$
 Buying ETHUSDT for 2049.4$
2023-11-14 01:49:01,589 - INFO - NetworkTask stopped
2023-11-14 01:49:01,593 - INFO - PingTask stopped
2023-11-14 01:49:01,593 - INFO - Disconnected
2023-11-14 01:49:01,593 - INFO - Session stopped
2023-11-14 01:49:01,593 - INFO - Connecting...
2023-11-14 01:49:01,673 - INFO - Connected! Production DC2 - IPv4
2023-11-14 01:49:01,674 - INFO - NetworkTask started
2023-11-14 01:49:01,991 - INFO - Session initialized: Layer 158
2023-11-14 01:49:01,991 - INFO - Device: CPython 3.11.4 - 5811589868:AAElvx1nnMo5vaPWY-J2tYQ2YGL5TSv158A
2023-11-14 01:49:01,991 - INFO - System: Windows 10 (en)
2023-11-14 01:49:01,991 - INFO - Session started
2023-11-14 01:49:01,991 - INFO - PingTask started
2023-11-14 01:49:16,602 - INFO - [1] Retrying "messages.SendMessage" due to: Request timed out
2023-11-14 01:52:37,715 - WARNING - Losing money
2023-11-14 01:52:37,715 - WARNING - Losing money
2023-11-14 01:52:37,716 - WARNING - Losing money
2023-11-14 01:52:41,410 - WARNING - Losing money
2023-11-14 01:52:41,410 - WARNING - Losing money
2023-11-14 01:52:41,411 - WARNING - Losing money
2023-11-14 01:52:45,072 - WARNING - Losing money
2023-11-14 01:52:45,073 - WARNING - Losing money
2023-11-14 01:52:45,073 - WARNING - Losing money
2023-11-14 01:52:48,720 - WARNING - Losing money
2023-11-14 01:52:48,720 - WARNING - Losing money
2023-11-14 01:52:48,720 - WARNING - Losing money
2023-11-14 01:52:52,355 - WARNING - Losing money
2023-11-14 01:52:52,355 - WARNING - Losing money
2023-11-14 01:52:52,356 - WARNING - Losing money
2023-11-14 01:52:56,008 - WARNING - Losing money
2023-11-14 01:52:56,009 - WARNING - Losing money
2023-11-14 01:52:56,009 - WARNING - Losing money
2023-11-14 01:52:59,636 - WARNING - Losing money
2023-11-14 01:52:59,636 - WARNING - Losing money
2023-11-14 01:52:59,636 - WARNING - Losing money
2023-11-14 01:53:03,269 - WARNING - Losing money
2023-11-14 01:53:03,269 - WARNING - Losing money
2023-11-14 01:53:03,270 - WARNING - Losing money
2023-11-14 01:53:18,218 - WARNING - Losing money
2023-11-14 01:53:18,218 - WARNING - Losing money
2023-11-14 01:53:18,218 - WARNING - Losing money
2023-11-14 01:53:21,837 - WARNING - Losing money
2023-11-14 01:53:21,837 - WARNING - Losing money
2023-11-14 01:53:21,837 - WARNING - Losing money
2023-11-14 01:53:25,503 - WARNING - Losing money
2023-11-14 01:53:25,503 - WARNING - Losing money
2023-11-14 01:53:25,504 - WARNING - Losing money
2023-11-14 01:53:29,143 - WARNING - Losing money
2023-11-14 01:53:29,144 - WARNING - Losing money
2023-11-14 01:53:29,144 - WARNING - Losing money
2023-11-14 01:53:32,817 - WARNING - Losing money
2023-11-14 01:53:32,817 - WARNING - Losing money
2023-11-14 01:53:32,818 - WARNING - Losing money
2023-11-14 01:53:36,465 - WARNING - Losing money
2023-11-14 01:53:36,465 - WARNING - Losing money
2023-11-14 01:53:36,465 - WARNING - Losing money
2023-11-14 01:53:40,095 - WARNING - Losing money
2023-11-14 01:53:40,095 - WARNING - Losing money
2023-11-14 01:53:40,096 - WARNING - Losing money
2023-11-14 01:53:54,677 - WARNING - Losing money
2023-11-14 01:53:54,678 - WARNING - Losing money
2023-11-14 01:53:54,678 - WARNING - Losing money
2023-11-14 01:53:58,328 - WARNING - Losing money
2023-11-14 01:53:58,329 - WARNING - Losing money
2023-11-14 01:53:58,329 - WARNING - Losing money
2023-11-14 01:54:01,976 - WARNING - Losing money
2023-11-14 01:54:01,976 - WARNING - Losing money
2023-11-14 01:54:01,977 - WARNING - Losing money
2023-11-14 01:54:05,630 - WARNING - Losing money
2023-11-14 01:54:05,630 - WARNING - Losing money
2023-11-14 01:54:05,630 - WARNING - Losing money
2023-11-14 01:54:09,343 - WARNING - Losing money
2023-11-14 01:54:09,343 - WARNING - Losing money
2023-11-14 01:54:09,344 - WARNING - Losing money
2023-11-14 01:54:13,510 - WARNING - Losing money
2023-11-14 01:54:13,510 - WARNING - Losing money
2023-11-14 01:54:13,511 - WARNING - Losing money
2023-11-14 01:54:17,140 - WARNING - Losing money
2023-11-14 01:54:17,140 - WARNING - Losing money
2023-11-14 01:54:17,140 - WARNING - Losing money
2023-11-14 01:54:20,813 - WARNING - Losing money
2023-11-14 01:54:20,814 - WARNING - Losing money
2023-11-14 01:54:20,814 - WARNING - Losing money
2023-11-14 01:54:24,452 - WARNING - Losing money
2023-11-14 01:54:24,452 - WARNING - Losing money
2023-11-14 01:54:24,452 - WARNING - Losing money
2023-11-14 01:54:28,119 - WARNING - Losing money
2023-11-14 01:54:28,119 - WARNING - Losing money
2023-11-14 01:54:28,120 - WARNING - Losing money
2023-11-14 01:54:31,768 - WARNING - Losing money
2023-11-14 01:54:31,769 - WARNING - Losing money
2023-11-14 01:54:31,769 - WARNING - Losing money
2023-11-14 01:54:35,426 - WARNING - Losing money
2023-11-14 01:54:35,427 - WARNING - Losing money
2023-11-14 01:54:35,427 - WARNING - Losing money
2023-11-14 01:54:39,093 - WARNING - Losing money
2023-11-14 01:54:39,093 - WARNING - Losing money
2023-11-14 01:54:39,093 - WARNING - Losing money
2023-11-14 01:54:42,751 - WARNING - Losing money
2023-11-14 01:54:42,751 - WARNING - Losing money
2023-11-14 01:54:42,752 - WARNING - Losing money
2023-11-14 01:54:46,434 - WARNING - Losing money
2023-11-14 01:54:46,434 - WARNING - Losing money
2023-11-14 01:54:46,435 - WARNING - Losing money
2023-11-14 01:54:51,512 - WARNING - Losing money
2023-11-14 01:54:51,512 - WARNING - Losing money
2023-11-14 01:54:51,513 - WARNING - Losing money
2023-11-14 01:54:55,151 - WARNING - Losing money
2023-11-14 01:54:55,152 - WARNING - Losing money
2023-11-14 01:54:55,152 - WARNING - Losing money
2023-11-14 01:54:58,843 - WARNING - Losing money
2023-11-14 01:54:58,844 - WARNING - Losing money
2023-11-14 01:54:58,844 - WARNING - Losing money
2023-11-14 01:55:02,531 - WARNING - Losing money
2023-11-14 01:55:02,531 - WARNING - Losing money
2023-11-14 01:55:02,532 - WARNING - Losing money
2023-11-14 02:16:12,221 - ERROR - name 'time' is not defined
Traceback (most recent call last):
  File "C:\Users\admin\AppData\Local\Programs\Python\Python311\Lib\site-packages\urllib3\connectionpool.py", line 791, in urlopen
    response = self._make_request(
               ^^^^^^^^^^^^^^^^^^^
  File "C:\Users\admin\AppData\Local\Programs\Python\Python311\Lib\site-packages\urllib3\connectionpool.py", line 492, in _make_request
    raise new_e
  File "C:\Users\admin\AppData\Local\Programs\Python\Python311\Lib\site-packages\urllib3\connectionpool.py", line 468, in _make_request
    self._validate_conn(conn)
  File "C:\Users\admin\AppData\Local\Programs\Python\Python311\Lib\site-packages\urllib3\connectionpool.py", line 1097, in _validate_conn
    conn.connect()
  File "C:\Users\admin\AppData\Local\Programs\Python\Python311\Lib\site-packages\urllib3\connection.py", line 642, in connect
    sock_and_verified = _ssl_wrap_socket_and_match_hostname(
                        ^^^^^^^^^^^^^^^^^^^^^^^^^^^^^^^^^^^^
  File "C:\Users\admin\AppData\Local\Programs\Python\Python311\Lib\site-packages\urllib3\connection.py", line 783, in _ssl_wrap_socket_and_match_hostname
    ssl_sock = ssl_wrap_socket(
               ^^^^^^^^^^^^^^^^
  File "C:\Users\admin\AppData\Local\Programs\Python\Python311\Lib\site-packages\urllib3\util\ssl_.py", line 471, in ssl_wrap_socket
    ssl_sock = _ssl_wrap_socket_impl(sock, context, tls_in_tls, server_hostname)
               ^^^^^^^^^^^^^^^^^^^^^^^^^^^^^^^^^^^^^^^^^^^^^^^^^^^^^^^^^^^^^^^^^
  File "C:\Users\admin\AppData\Local\Programs\Python\Python311\Lib\site-packages\urllib3\util\ssl_.py", line 515, in _ssl_wrap_socket_impl
    return ssl_context.wrap_socket(sock, server_hostname=server_hostname)
           ^^^^^^^^^^^^^^^^^^^^^^^^^^^^^^^^^^^^^^^^^^^^^^^^^^^^^^^^^^^^^^
  File "C:\Users\admin\AppData\Local\Programs\Python\Python311\Lib\ssl.py", line 517, in wrap_socket
    return self.sslsocket_class._create(
           ^^^^^^^^^^^^^^^^^^^^^^^^^^^^^
  File "C:\Users\admin\AppData\Local\Programs\Python\Python311\Lib\ssl.py", line 1075, in _create
    self.do_handshake()
  File "C:\Users\admin\AppData\Local\Programs\Python\Python311\Lib\ssl.py", line 1346, in do_handshake
    self._sslobj.do_handshake()
ConnectionResetError: [WinError 10054] An existing connection was forcibly closed by the remote host

During handling of the above exception, another exception occurred:

Traceback (most recent call last):
  File "C:\Users\admin\AppData\Local\Programs\Python\Python311\Lib\site-packages\requests\adapters.py", line 486, in send
    resp = conn.urlopen(
           ^^^^^^^^^^^^^
  File "C:\Users\admin\AppData\Local\Programs\Python\Python311\Lib\site-packages\urllib3\connectionpool.py", line 845, in urlopen
    retries = retries.increment(
              ^^^^^^^^^^^^^^^^^^
  File "C:\Users\admin\AppData\Local\Programs\Python\Python311\Lib\site-packages\urllib3\util\retry.py", line 470, in increment
    raise reraise(type(error), error, _stacktrace)
          ^^^^^^^^^^^^^^^^^^^^^^^^^^^^^^^^^^^^^^^^
  File "C:\Users\admin\AppData\Local\Programs\Python\Python311\Lib\site-packages\urllib3\util\util.py", line 38, in reraise
    raise value.with_traceback(tb)
  File "C:\Users\admin\AppData\Local\Programs\Python\Python311\Lib\site-packages\urllib3\connectionpool.py", line 791, in urlopen
    response = self._make_request(
               ^^^^^^^^^^^^^^^^^^^
  File "C:\Users\admin\AppData\Local\Programs\Python\Python311\Lib\site-packages\urllib3\connectionpool.py", line 492, in _make_request
    raise new_e
  File "C:\Users\admin\AppData\Local\Programs\Python\Python311\Lib\site-packages\urllib3\connectionpool.py", line 468, in _make_request
    self._validate_conn(conn)
  File "C:\Users\admin\AppData\Local\Programs\Python\Python311\Lib\site-packages\urllib3\connectionpool.py", line 1097, in _validate_conn
    conn.connect()
  File "C:\Users\admin\AppData\Local\Programs\Python\Python311\Lib\site-packages\urllib3\connection.py", line 642, in connect
    sock_and_verified = _ssl_wrap_socket_and_match_hostname(
                        ^^^^^^^^^^^^^^^^^^^^^^^^^^^^^^^^^^^^
  File "C:\Users\admin\AppData\Local\Programs\Python\Python311\Lib\site-packages\urllib3\connection.py", line 783, in _ssl_wrap_socket_and_match_hostname
    ssl_sock = ssl_wrap_socket(
               ^^^^^^^^^^^^^^^^
  File "C:\Users\admin\AppData\Local\Programs\Python\Python311\Lib\site-packages\urllib3\util\ssl_.py", line 471, in ssl_wrap_socket
    ssl_sock = _ssl_wrap_socket_impl(sock, context, tls_in_tls, server_hostname)
               ^^^^^^^^^^^^^^^^^^^^^^^^^^^^^^^^^^^^^^^^^^^^^^^^^^^^^^^^^^^^^^^^^
  File "C:\Users\admin\AppData\Local\Programs\Python\Python311\Lib\site-packages\urllib3\util\ssl_.py", line 515, in _ssl_wrap_socket_impl
    return ssl_context.wrap_socket(sock, server_hostname=server_hostname)
           ^^^^^^^^^^^^^^^^^^^^^^^^^^^^^^^^^^^^^^^^^^^^^^^^^^^^^^^^^^^^^^
  File "C:\Users\admin\AppData\Local\Programs\Python\Python311\Lib\ssl.py", line 517, in wrap_socket
    return self.sslsocket_class._create(
           ^^^^^^^^^^^^^^^^^^^^^^^^^^^^^
  File "C:\Users\admin\AppData\Local\Programs\Python\Python311\Lib\ssl.py", line 1075, in _create
    self.do_handshake()
  File "C:\Users\admin\AppData\Local\Programs\Python\Python311\Lib\ssl.py", line 1346, in do_handshake
    self._sslobj.do_handshake()
urllib3.exceptions.ProtocolError: ('Connection aborted.', ConnectionResetError(10054, 'An existing connection was forcibly closed by the remote host', None, 10054, None))

During handling of the above exception, another exception occurred:

Traceback (most recent call last):
  File "C:\Users\admin\Desktop\binance_bot\core\bitcoin_ticker.py", line 27, in get_live_price
    ticker = self.client.futures_mark_price(symbol=self.trading_pair)
             ^^^^^^^^^^^^^^^^^^^^^^^^^^^^^^^^^^^^^^^^^^^^^^^^^^^^^^^^
  File "C:\Users\admin\AppData\Local\Programs\Python\Python311\Lib\site-packages\binance\client.py", line 6255, in futures_mark_price
    return self._request_futures_api('get', 'premiumIndex', data=params)
           ^^^^^^^^^^^^^^^^^^^^^^^^^^^^^^^^^^^^^^^^^^^^^^^^^^^^^^^^^^^^^
  File "C:\Users\admin\AppData\Local\Programs\Python\Python311\Lib\site-packages\binance\client.py", line 383, in _request_futures_api
    return self._request(method, uri, signed, True, **kwargs)
           ^^^^^^^^^^^^^^^^^^^^^^^^^^^^^^^^^^^^^^^^^^^^^^^^^^
  File "C:\Users\admin\AppData\Local\Programs\Python\Python311\Lib\site-packages\binance\client.py", line 358, in _request
    self.response = getattr(self.session, method)(uri, **kwargs)
                    ^^^^^^^^^^^^^^^^^^^^^^^^^^^^^^^^^^^^^^^^^^^^
  File "C:\Users\admin\AppData\Local\Programs\Python\Python311\Lib\site-packages\requests\sessions.py", line 602, in get
    return self.request("GET", url, **kwargs)
           ^^^^^^^^^^^^^^^^^^^^^^^^^^^^^^^^^^
  File "C:\Users\admin\AppData\Local\Programs\Python\Python311\Lib\site-packages\requests\sessions.py", line 589, in request
    resp = self.send(prep, **send_kwargs)
           ^^^^^^^^^^^^^^^^^^^^^^^^^^^^^^
  File "C:\Users\admin\AppData\Local\Programs\Python\Python311\Lib\site-packages\requests\sessions.py", line 703, in send
    r = adapter.send(request, **kwargs)
        ^^^^^^^^^^^^^^^^^^^^^^^^^^^^^^^
  File "C:\Users\admin\AppData\Local\Programs\Python\Python311\Lib\site-packages\requests\adapters.py", line 501, in send
    raise ConnectionError(err, request=request)
requests.exceptions.ConnectionError: ('Connection aborted.', ConnectionResetError(10054, 'An existing connection was forcibly closed by the remote host', None, 10054, None))

During handling of the above exception, another exception occurred:

Traceback (most recent call last):
  File "C:\Users\admin\AppData\Local\Programs\Python\Python311\Lib\site-packages\pyrogram\dispatcher.py", line 240, in handler_worker
    await handler.callback(self.client, *args)
  File "C:\Users\admin\Desktop\binance_bot\main.py", line 79, in start_handler
    res = make_trades.pnl_short(opened_price=opened_price)
          ^^^^^^^^^^^^^^^^^^^^^^^^^^^^^^^^^^^^^^^^^^^^^^^^
  File "C:\Users\admin\Desktop\binance_bot\core\make_trades.py", line 101, in pnl_short
    btc_current = btc_current_class.get_live_price()
                  ^^^^^^^^^^^^^^^^^^^^^^^^^^^^^^^^^^
  File "C:\Users\admin\Desktop\binance_bot\core\bitcoin_ticker.py", line 30, in get_live_price
    time.sleep(random.uniform(1.8, 2.63))
    ^^^^
NameError: name 'time' is not defined
2023-11-14 02:16:12,236 - INFO - NetworkTask stopped
2023-11-14 02:16:12,236 - INFO - PingTask stopped
2023-11-14 02:16:12,236 - INFO - Send exception: ConnectionResetError Connection lost
2023-11-14 02:16:12,236 - INFO - [1] Retrying "updates.GetState" due to: Connection lost
2023-11-14 02:16:12,236 - INFO - Discarding packet: The msg_id belongs to over 300 seconds in the past. Most likely the client time has to be synchronized.
2023-11-14 02:16:12,236 - INFO - Disconnected
2023-11-14 02:16:12,236 - INFO - Session stopped
2023-11-14 02:16:12,236 - INFO - Connecting...
2023-11-14 02:16:12,236 - INFO - Disconnected
2023-11-14 02:16:12,315 - INFO - Connected! Production DC2 - IPv4
2023-11-14 02:16:12,315 - INFO - NetworkTask started
2023-11-14 02:16:12,666 - INFO - Session initialized: Layer 158
2023-11-14 02:16:12,666 - INFO - Device: CPython 3.11.4 - 5811589868:AAElvx1nnMo5vaPWY-J2tYQ2YGL5TSv158A
2023-11-14 02:16:12,666 - INFO - System: Windows 10 (en)
2023-11-14 02:16:12,666 - INFO - Session started
2023-11-14 02:16:12,666 - INFO - PingTask started
2023-11-14 02:17:14,325 - INFO - Stop signal received (SIGINT). Exiting...
2023-11-14 02:17:14,334 - INFO - Stopped 16 HandlerTasks
2023-11-14 02:17:14,334 - INFO - PingTask stopped
2023-11-14 02:17:14,334 - INFO - Disconnected
2023-11-14 02:17:14,334 - INFO - NetworkTask stopped
2023-11-14 02:17:14,334 - INFO - Session stopped
2023-11-14 04:34:35,589 - INFO - Connecting...
2023-11-14 04:34:35,668 - INFO - Connected! Production DC2 - IPv4
2023-11-14 04:34:35,671 - INFO - NetworkTask started
2023-11-14 04:34:36,060 - INFO - Session initialized: Layer 158
2023-11-14 04:34:36,060 - INFO - Device: CPython 3.11.4 - 5811589868:AAElvx1nnMo5vaPWY-J2tYQ2YGL5TSv158A
2023-11-14 04:34:36,060 - INFO - System: Windows 10 (en)
2023-11-14 04:34:36,060 - INFO - Session started
2023-11-14 04:34:36,061 - INFO - PingTask started
2023-11-14 04:34:36,294 - INFO - Started 16 HandlerTasks
2023-11-14 04:34:36,303 - INFO - Stopped 16 HandlerTasks
2023-11-14 04:34:36,304 - INFO - PingTask stopped
2023-11-14 04:34:36,304 - INFO - Disconnected
2023-11-14 04:34:36,304 - INFO - NetworkTask stopped
2023-11-14 04:34:36,304 - INFO - Session stopped
2023-11-14 04:34:36,326 - INFO - Connecting...
2023-11-14 04:34:36,404 - INFO - Connected! Production DC2 - IPv4
2023-11-14 04:34:36,404 - INFO - NetworkTask started
2023-11-14 04:34:36,806 - INFO - Session initialized: Layer 158
2023-11-14 04:34:36,806 - INFO - Device: CPython 3.11.4 - 5811589868:AAElvx1nnMo5vaPWY-J2tYQ2YGL5TSv158A
2023-11-14 04:34:36,806 - INFO - System: Windows 10 (en)
2023-11-14 04:34:36,806 - INFO - Session started
2023-11-14 04:34:36,807 - INFO - PingTask started
2023-11-14 04:34:37,061 - INFO - Started 16 HandlerTasks
2023-11-14 04:35:39,237 - INFO - ETHUSDT price doesnt changed enough! Current price: 2031.1
2023-11-14 04:36:22,508 - INFO - ETHUSDT price doesnt changed enough! Current price: 2031.8
2023-11-14 04:37:02,497 - INFO - Stop signal received (SIGINT). Exiting...
